This is pdfTeX, Version 3.14159265-2.6-1.40.17 (TeX Live 2016) (preloaded format=pdflatex 2016.12.1)  8 DEC 2016 15:02
entering extended mode
 restricted \write18 enabled.
 %&-line parsing enabled.
**pracamgr.tex
(./pracamgr.tex
LaTeX2e <2016/03/31>
Babel <3.9r> and hyphenation patterns for 83 language(s) loaded.
(./pracamgr.cls
Document Class: pracamgr 2006/05/05 v0.5.0 Praca magisterska
(/usr/local/texlive/2016/texmf-dist/tex/latex/base/report.cls
Document Class: report 2014/09/29 v1.4h Standard LaTeX document class
(/usr/local/texlive/2016/texmf-dist/tex/latex/base/size11.clo
File: size11.clo 2014/09/29 v1.4h Standard LaTeX file (size option)
)
\c@part=\count79
\c@chapter=\count80
\c@section=\count81
\c@subsection=\count82
\c@subsubsection=\count83
\c@paragraph=\count84
\c@subparagraph=\count85
\c@figure=\count86
\c@table=\count87
\abovecaptionskip=\skip41
\belowcaptionskip=\skip42
\bibindent=\dimen102
))
(/usr/local/texlive/2016/texmf-dist/tex/latex/polski/polski.sty
Package: polski 2008/02/24 v1.3.3 Polish language package

Document language package `polski' v1.3.3 <2008/02/24>
   Switching to Polish text encoding and Polish maths fonts.
(/usr/local/texlive/2016/texmf-dist/tex/latex/base/ot4enc.def
File: ot4enc.def 2005/09/27 v1.99g Standard LaTeX file
)
LaTeX Font Info:    Try loading font information for OT4+cmr on input line 346.


(/usr/local/texlive/2016/texmf-dist/tex/latex/polski/ot4cmr.fd
File: ot4cmr.fd 2008/02/24 v1.2.1 Font defs for fonts PL (MW)
)
LaTeX Font Info:    Overwriting math alphabet `\mathbf' in version `normal'
(Font)                  OT1/cmr/bx/n --> OT4/cmr/bx/n on input line 346.
LaTeX Font Info:    Overwriting math alphabet `\mathsf' in version `normal'
(Font)                  OT1/cmss/m/n --> OT4/cmss/m/n on input line 346.
LaTeX Font Info:    Overwriting math alphabet `\mathit' in version `normal'
(Font)                  OT1/cmr/m/it --> OT4/cmr/m/it on input line 346.
LaTeX Font Info:    Overwriting math alphabet `\mathtt' in version `normal'
(Font)                  OT1/cmtt/m/n --> OT4/cmtt/m/n on input line 346.
LaTeX Font Info:    Overwriting math alphabet `\mathsf' in version `bold'
(Font)                  OT1/cmss/bx/n --> OT4/cmss/bx/n on input line 346.
LaTeX Font Info:    Overwriting math alphabet `\mathit' in version `bold'
(Font)                  OT1/cmr/bx/it --> OT4/cmr/bx/it on input line 346.
LaTeX Font Info:    Encoding `OT1' has changed to `OT4' for symbol font
(Font)              `operators' in the math version `normal' on input line 346.

LaTeX Font Info:    Overwriting symbol font `operators' in version `normal'
(Font)                  OT1/cmr/m/n --> OT4/cmr/m/n on input line 346.
LaTeX Font Info:    Overwriting symbol font `letters' in version `normal'
(Font)                  OML/cmm/m/it --> OML/plm/m/it on input line 346.
LaTeX Font Info:    Overwriting symbol font `symbols' in version `normal'
(Font)                  OMS/cmsy/m/n --> OMS/plsy/m/n on input line 346.
LaTeX Font Info:    Overwriting symbol font `largesymbols' in version `normal'
(Font)                  OMX/cmex/m/n --> OMX/plex/m/n on input line 346.
LaTeX Font Info:    Encoding `OT1' has changed to `OT4' for symbol font
(Font)              `operators' in the math version `bold' on input line 346.
LaTeX Font Info:    Overwriting symbol font `operators' in version `bold'
(Font)                  OT1/cmr/bx/n --> OT4/cmr/bx/n on input line 346.
LaTeX Font Info:    Overwriting symbol font `letters' in version `bold'
(Font)                  OML/cmm/b/it --> OML/plm/b/it on input line 346.
LaTeX Font Info:    Overwriting symbol font `symbols' in version `bold'
(Font)                  OMS/cmsy/b/n --> OMS/plsy/b/n on input line 346.
)
(/usr/local/texlive/2016/texmf-dist/tex/latex/base/inputenc.sty
Package: inputenc 2015/03/17 v1.2c Input encoding file
\inpenc@prehook=\toks14
\inpenc@posthook=\toks15

(/usr/local/texlive/2016/texmf-dist/tex/latex/base/latin2.def
File: latin2.def 2015/03/17 v1.2c Input encoding file
))
(/usr/local/texlive/2016/texmf-dist/tex/latex/algorithm2e/algorithm2e.sty
Package: algorithm2e 2013/01/06 v5.00 algorithms environments
\c@AlgoLine=\count88

(/usr/local/texlive/2016/texmf-dist/tex/latex/base/ifthen.sty
Package: ifthen 2014/09/29 v1.1c Standard LaTeX ifthen package (DPC)
)
\algocf@hangindent=\skip43

(/usr/local/texlive/2016/texmf-dist/tex/latex/tools/xspace.sty
Package: xspace 2014/10/28 v1.13 Space after command names (DPC,MH)
)
(/usr/local/texlive/2016/texmf-dist/tex/latex/relsize/relsize.sty
Package: relsize 2013/03/29 ver 4.1
)
********************************************************
Package `algorithm2e' Release 5.1 -- october 19 2015 --
- algorithm2e-announce@lirmm.fr mailing list for announcement about releases
- algorithm2e-discussion@lirmm.fr mailing list for discussion about package
subscribe by emailing sympa@lirmm.fr with 'subscribe <list> <firstname name>'
- Author: Christophe Fiorio (christophe.fiorio@umontpellier.fr)
********************************************************
\skiptotal=\skip44
\skiplinenumber=\skip45
\skiprule=\skip46
\skiphlne=\skip47
\skiptext=\skip48
\skiplength=\skip49
\algomargin=\skip50
\skipalgocfslide=\skip51
\algowidth=\dimen103
\inoutsize=\dimen104
\inoutindent=\dimen105
\interspacetitleruled=\dimen106
\interspacealgoruled=\dimen107
\interspacetitleboxruled=\dimen108
\algocf@ruledwidth=\skip52
\algocf@inoutbox=\box26
\algocf@inputbox=\box27
\AlCapSkip=\skip53
\AlCapHSkip=\skip54
\algoskipindent=\skip55
\algocf@nlbox=\box28
\algocf@hangingbox=\box29
\algocf@untilbox=\box30
\algocf@skipuntil=\skip56
\algocf@capbox=\box31
\algoheightruledefault=\skip57
\algoheightrule=\skip58
\algotitleheightruledefault=\skip59
\algotitleheightrule=\skip60
\c@algocfline=\count89
\c@algocfproc=\count90
\c@algocf=\count91
\algocf@algoframe=\box32
\algocf@algobox=\box33
) (/usr/local/texlive/2016/texmf-dist/tex/latex/caption/caption.sty
Package: caption 2016/02/21 v3.3-144 Customizing captions (AR)

(/usr/local/texlive/2016/texmf-dist/tex/latex/caption/caption3.sty
Package: caption3 2016/02/04 v1.7-139 caption3 kernel (AR)
Package caption3 Info: TeX engine: e-TeX on input line 67.

(/usr/local/texlive/2016/texmf-dist/tex/latex/graphics/keyval.sty
Package: keyval 2014/10/28 v1.15 key=value parser (DPC)
\KV@toks@=\toks16
)
\captionmargin=\dimen109
\captionmargin@=\dimen110
\captionwidth=\dimen111
\caption@tempdima=\dimen112
\caption@indent=\dimen113
\caption@parindent=\dimen114
\caption@hangindent=\dimen115
)
\c@ContinuedFloat=\count92
)
(/usr/local/texlive/2016/texmf-dist/tex/latex/tools/afterpage.sty
Package: afterpage 2014/10/28 v1.08 After-Page Package (DPC)
\AP@output=\toks17
\AP@partial=\box34
\AP@footins=\box35
)
(/usr/local/texlive/2016/texmf-dist/tex/latex/graphics/graphicx.sty
Package: graphicx 2014/10/28 v1.0g Enhanced LaTeX Graphics (DPC,SPQR)

(/usr/local/texlive/2016/texmf-dist/tex/latex/graphics/graphics.sty
Package: graphics 2016/05/09 v1.0r Standard LaTeX Graphics (DPC,SPQR)

(/usr/local/texlive/2016/texmf-dist/tex/latex/graphics/trig.sty
Package: trig 2016/01/03 v1.10 sin cos tan (DPC)
)
(/usr/local/texlive/2016/texmf-dist/tex/latex/graphics-cfg/graphics.cfg
File: graphics.cfg 2016/01/02 v1.10 sample graphics configuration
)
Package graphics Info: Driver file: pdftex.def on input line 96.

(/usr/local/texlive/2016/texmf-dist/tex/latex/pdftex-def/pdftex.def
File: pdftex.def 2011/05/27 v0.06d Graphics/color for pdfTeX

(/usr/local/texlive/2016/texmf-dist/tex/generic/oberdiek/infwarerr.sty
Package: infwarerr 2016/05/16 v1.4 Providing info/warning/error messages (HO)
)
(/usr/local/texlive/2016/texmf-dist/tex/generic/oberdiek/ltxcmds.sty
Package: ltxcmds 2016/05/16 v1.23 LaTeX kernel commands for general use (HO)
)
\Gread@gobject=\count93
))
\Gin@req@height=\dimen116
\Gin@req@width=\dimen117
)
(/usr/local/texlive/2016/texmf-dist/tex/latex/amsmath/amsmath.sty
Package: amsmath 2016/03/10 v2.15b AMS math features
\@mathmargin=\skip61

For additional information on amsmath, use the `?' option.
(/usr/local/texlive/2016/texmf-dist/tex/latex/amsmath/amstext.sty
Package: amstext 2000/06/29 v2.01 AMS text

(/usr/local/texlive/2016/texmf-dist/tex/latex/amsmath/amsgen.sty
File: amsgen.sty 1999/11/30 v2.0 generic functions
\@emptytoks=\toks18
\ex@=\dimen118
))
(/usr/local/texlive/2016/texmf-dist/tex/latex/amsmath/amsbsy.sty
Package: amsbsy 1999/11/29 v1.2d Bold Symbols
\pmbraise@=\dimen119
)
(/usr/local/texlive/2016/texmf-dist/tex/latex/amsmath/amsopn.sty
Package: amsopn 2016/03/08 v2.02 operator names
)
\inf@bad=\count94
LaTeX Info: Redefining \frac on input line 199.
\uproot@=\count95
\leftroot@=\count96
LaTeX Info: Redefining \overline on input line 297.
\classnum@=\count97
\DOTSCASE@=\count98
LaTeX Info: Redefining \ldots on input line 394.
LaTeX Info: Redefining \dots on input line 397.
LaTeX Info: Redefining \cdots on input line 518.
\Mathstrutbox@=\box36
\strutbox@=\box37
\big@size=\dimen120
LaTeX Font Info:    Redeclaring font encoding OML on input line 634.
LaTeX Font Info:    Redeclaring font encoding OMS on input line 635.
\macc@depth=\count99
\c@MaxMatrixCols=\count100
\dotsspace@=\muskip10
\c@parentequation=\count101
\dspbrk@lvl=\count102
\tag@help=\toks19
\row@=\count103
\column@=\count104
\maxfields@=\count105
\andhelp@=\toks20
\eqnshift@=\dimen121
\alignsep@=\dimen122
\tagshift@=\dimen123
\tagwidth@=\dimen124
\totwidth@=\dimen125
\lineht@=\dimen126
\@envbody=\toks21
\multlinegap=\skip62
\multlinetaggap=\skip63
\mathdisplay@stack=\toks22
LaTeX Info: Redefining \[ on input line 2739.
LaTeX Info: Redefining \] on input line 2740.
)
(/usr/local/texlive/2016/texmf-dist/tex/latex/amsfonts/amssymb.sty
Package: amssymb 2013/01/14 v3.01 AMS font symbols

(/usr/local/texlive/2016/texmf-dist/tex/latex/amsfonts/amsfonts.sty
Package: amsfonts 2013/01/14 v3.01 Basic AMSFonts support
\symAMSa=\mathgroup4
\symAMSb=\mathgroup5
LaTeX Font Info:    Overwriting math alphabet `\mathfrak' in version `bold'
(Font)                  U/euf/m/n --> U/euf/b/n on input line 106.
))
(/usr/local/texlive/2016/texmf-dist/tex/latex/makecell/makecell.sty
Package: makecell 2009/08/03 V0.1e Managing of Tab Column Heads and Cells

(/usr/local/texlive/2016/texmf-dist/tex/latex/tools/array.sty
Package: array 2014/10/28 v2.4c Tabular extension package (FMi)
\col@sep=\dimen127
\extrarowheight=\dimen128
\NC@list=\toks23
\extratabsurround=\skip64
\backup@length=\skip65
)
\rotheadsize=\dimen129
\c@nlinenum=\count106
\TeXr@lab=\toks24
)
(/usr/local/texlive/2016/texmf-dist/tex/latex/enumitem/enumitem.sty
Package: enumitem 2011/09/28 v3.5.2 Customized lists
\labelindent=\skip66
\enit@outerparindent=\dimen130
\enit@toks=\toks25
\enit@inbox=\box38
\enitdp@description=\count107
)
(/usr/local/texlive/2016/texmf-dist/tex/latex/csvsimple/csvsimple.sty
Package: csvsimple 2014/07/14 version 1.12 LaTeX CSV file processing

(/usr/local/texlive/2016/texmf-dist/tex/latex/pgf/utilities/pgfkeys.sty
(/usr/local/texlive/2016/texmf-dist/tex/generic/pgf/utilities/pgfkeys.code.tex
\pgfkeys@pathtoks=\toks26
\pgfkeys@temptoks=\toks27

(/usr/local/texlive/2016/texmf-dist/tex/generic/pgf/utilities/pgfkeysfiltered.c
ode.tex
\pgfkeys@tmptoks=\toks28
)))
\csv@file=\read1
\c@csvinputline=\count108
\c@csvrow=\count109
\c@csvcol=\count110
\csv@out=\write3
) (/usr/local/texlive/2016/texmf-dist/tex/latex/float/float.sty
Package: float 2001/11/08 v1.3d Float enhancements (AL)
\c@float@type=\count111
\float@exts=\toks29
\float@box=\box39
\@float@everytoks=\toks30
\@floatcapt=\box40
)
(/usr/local/texlive/2016/texmf-dist/tex/latex/caption/subcaption.sty
Package: subcaption 2016/02/20 v1.1-142 Sub-captions (AR)
\c@subfigure=\count112
\c@subtable=\count113
)
(/usr/local/texlive/2016/texmf-dist/tex/latex/listings/listings.sty
\lst@mode=\count114
\lst@gtempboxa=\box41
\lst@token=\toks31
\lst@length=\count115
\lst@currlwidth=\dimen131
\lst@column=\count116
\lst@pos=\count117
\lst@lostspace=\dimen132
\lst@width=\dimen133
\lst@newlines=\count118
\lst@lineno=\count119
\lst@maxwidth=\dimen134

(/usr/local/texlive/2016/texmf-dist/tex/latex/listings/lstmisc.sty
File: lstmisc.sty 2015/06/04 1.6 (Carsten Heinz)
\c@lstnumber=\count120
\lst@skipnumbers=\count121
\lst@framebox=\box42
)
(/usr/local/texlive/2016/texmf-dist/tex/latex/listings/listings.cfg
File: listings.cfg 2015/06/04 1.6 listings configuration
))
Package: listings 2015/06/04 1.6 (Carsten Heinz)
\c@defi=\count122

(./pracamgr.aux)
\openout1 = `pracamgr.aux'.

LaTeX Font Info:    Checking defaults for OML/cmm/m/it on input line 110.
LaTeX Font Info:    ... okay on input line 110.
LaTeX Font Info:    Checking defaults for T1/cmr/m/n on input line 110.
LaTeX Font Info:    ... okay on input line 110.
LaTeX Font Info:    Checking defaults for OT1/cmr/m/n on input line 110.
LaTeX Font Info:    ... okay on input line 110.
LaTeX Font Info:    Checking defaults for OMS/cmsy/m/n on input line 110.
LaTeX Font Info:    ... okay on input line 110.
LaTeX Font Info:    Checking defaults for OMX/cmex/m/n on input line 110.
LaTeX Font Info:    ... okay on input line 110.
LaTeX Font Info:    Checking defaults for U/cmr/m/n on input line 110.
LaTeX Font Info:    ... okay on input line 110.
LaTeX Font Info:    Checking defaults for OT4/cmr/m/n on input line 110.
LaTeX Font Info:    ... okay on input line 110.
Package caption Info: Begin \AtBeginDocument code.
Package caption Info: float package is loaded.
Package caption Info: listings package is loaded.
Package caption Info: End \AtBeginDocument code.

(/usr/local/texlive/2016/texmf-dist/tex/context/base/mkii/supp-pdf.mkii
[Loading MPS to PDF converter (version 2006.09.02).]
\scratchcounter=\count123
\scratchdimen=\dimen135
\scratchbox=\box43
\nofMPsegments=\count124
\nofMParguments=\count125
\everyMPshowfont=\toks32
\MPscratchCnt=\count126
\MPscratchDim=\dimen136
\MPnumerator=\count127
\makeMPintoPDFobject=\count128
\everyMPtoPDFconversion=\toks33
) (/usr/local/texlive/2016/texmf-dist/tex/generic/oberdiek/pdftexcmds.sty
Package: pdftexcmds 2016/05/10 v0.21 Utility functions of pdfTeX for LuaTeX (HO
)

(/usr/local/texlive/2016/texmf-dist/tex/generic/oberdiek/ifluatex.sty
Package: ifluatex 2016/05/16 v1.4 Provides the ifluatex switch (HO)
Package ifluatex Info: LuaTeX not detected.
)
(/usr/local/texlive/2016/texmf-dist/tex/generic/oberdiek/ifpdf.sty
Package: ifpdf 2016/05/14 v3.1 Provides the ifpdf switch
)
Package pdftexcmds Info: LuaTeX not detected.
Package pdftexcmds Info: \pdf@primitive is available.
Package pdftexcmds Info: \pdf@ifprimitive is available.
Package pdftexcmds Info: \pdfdraftmode found.
)
(/usr/local/texlive/2016/texmf-dist/tex/latex/oberdiek/epstopdf-base.sty
Package: epstopdf-base 2016/05/15 v2.6 Base part for package epstopdf

(/usr/local/texlive/2016/texmf-dist/tex/latex/oberdiek/grfext.sty
Package: grfext 2016/05/16 v1.2 Manage graphics extensions (HO)

(/usr/local/texlive/2016/texmf-dist/tex/generic/oberdiek/kvdefinekeys.sty
Package: kvdefinekeys 2016/05/16 v1.4 Define keys (HO)
))
(/usr/local/texlive/2016/texmf-dist/tex/latex/oberdiek/kvoptions.sty
Package: kvoptions 2016/05/16 v3.12 Key value format for package options (HO)

(/usr/local/texlive/2016/texmf-dist/tex/generic/oberdiek/kvsetkeys.sty
Package: kvsetkeys 2016/05/16 v1.17 Key value parser (HO)

(/usr/local/texlive/2016/texmf-dist/tex/generic/oberdiek/etexcmds.sty
Package: etexcmds 2016/05/16 v1.6 Avoid name clashes with e-TeX commands (HO)
Package etexcmds Info: Could not find \expanded.
(etexcmds)             That can mean that you are not using pdfTeX 1.50 or
(etexcmds)             that some package has redefined \expanded.
(etexcmds)             In the latter case, load this package earlier.
)))
Package grfext Info: Graphics extension search list:
(grfext)             [.png,.pdf,.jpg,.mps,.jpeg,.jbig2,.jb2,.PNG,.PDF,.JPG,.JPE
G,.JBIG2,.JB2,.eps]
(grfext)             \AppendGraphicsExtensions on input line 456.

(/usr/local/texlive/2016/texmf-dist/tex/latex/latexconfig/epstopdf-sys.cfg
File: epstopdf-sys.cfg 2010/07/13 v1.3 Configuration of (r)epstopdf for TeX Liv
e
))
\c@lstlisting=\count129
LaTeX Font Info:    Try loading font information for OML+plm on input line 111.


(/usr/local/texlive/2016/texmf-dist/tex/latex/polski/omlplm.fd
File: omlplm.fd 2008/02/24 v1.2.1 Font defs for fonts PL (MW)
)
LaTeX Font Info:    Try loading font information for OMS+plsy on input line 111
.

(/usr/local/texlive/2016/texmf-dist/tex/latex/polski/omsplsy.fd
File: omsplsy.fd 2008/02/24 v1.2.1 Font defs for fonts PL (MW)
)
LaTeX Font Info:    Try loading font information for OMX+plex on input line 111
.

(/usr/local/texlive/2016/texmf-dist/tex/latex/polski/omxplex.fd
File: omxplex.fd 2008/02/24 v1.2.1 Font defs for fonts PL (MW)
)
LaTeX Font Info:    External font `plex10' loaded for size
(Font)              <12> on input line 111.
LaTeX Font Info:    External font `plex10' loaded for size
(Font)              <8> on input line 111.
LaTeX Font Info:    External font `plex10' loaded for size
(Font)              <6> on input line 111.
LaTeX Font Info:    Try loading font information for U+msa on input line 111.

(/usr/local/texlive/2016/texmf-dist/tex/latex/amsfonts/umsa.fd
File: umsa.fd 2013/01/14 v3.01 AMS symbols A
)
LaTeX Font Info:    Try loading font information for U+msb on input line 111.

(/usr/local/texlive/2016/texmf-dist/tex/latex/amsfonts/umsb.fd
File: umsb.fd 2013/01/14 v3.01 AMS symbols B
) [1

{/usr/local/texlive/2016/texmf-var/fonts/map/pdftex/updmap/pdftex.map}] [2]
Underfull \hbox (badness 10000) in paragraph at lines 116--116

 []


Underfull \hbox (badness 10000) in paragraph at lines 116--116

 []

[1] [2

] (./pracamgr.toc
LaTeX Font Info:    External font `plex10' loaded for size
(Font)              <10.95> on input line 1.
 [3

])
\tf@toc=\write4
\openout4 = `pracamgr.toc'.

 [4]
Rozdzia\PlPrIeC {\l } 1.
LaTeX Font Info:    Try loading font information for OMS+cmr on input line 129.

(/usr/local/texlive/2016/texmf-dist/tex/latex/base/omscmr.fd
File: omscmr.fd 2014/09/29 v2.5h Standard LaTeX font definitions
)
LaTeX Font Info:    Font shape `OMS/cmr/m/n' in size <10.95> not available
(Font)              Font shape `OMS/cmsy/m/n' tried instead on input line 129.

<supervised.png, id=28, 587.19376pt x 413.545pt>
File: supervised.png Graphic file (type png)
 <use supervised.png>
Package pdftex.def Info: supervised.png used on input line 139.
(pdftex.def)             Requested size: 411.03282pt x 289.4795pt.

Underfull \hbox (badness 10000) in paragraph at lines 144--147

 []

[5

]
Underfull \hbox (badness 10000) in paragraph at lines 154--158

 []

[6 <./supervised.png>]
Overfull \hbox (3.90472pt too wide) in paragraph at lines 167--179
 [][] 
 []


Underfull \hbox (badness 10000) in paragraph at lines 185--189

 []

[7] [8]
Rozdzia\PlPrIeC {\l } 2.
LaTeX Font Info:    External font `plex10' loaded for size
(Font)              <9> on input line 211.
LaTeX Font Info:    External font `plex10' loaded for size
(Font)              <5> on input line 211.
<fireman.png, id=49, 523.9575pt x 435.6275pt>
File: fireman.png Graphic file (type png)
 <use fireman.png>
Package pdftex.def Info: fireman.png used on input line 216.
(pdftex.def)             Requested size: 209.57928pt x 174.24791pt.

Underfull \hbox (badness 10000) in paragraph at lines 220--222

 []

[9

 <./fireman.png>]
Underfull \hbox (badness 10000) in paragraph at lines 223--225

 []

<classes.png, id=56, 715.67375pt x 628.3475pt>
File: classes.png Graphic file (type png)
 <use classes.png>
Package pdftex.def Info: classes.png used on input line 228.
(pdftex.def)             Requested size: 429.40756pt x 377.0114pt.

Underfull \vbox (badness 1852) has occurred while \output is active []

 [10 <./classes.png>] <sigmoid.png, id=61, 642.4pt x 428.60126pt>
File: sigmoid.png Graphic file (type png)
 <use sigmoid.png>
Package pdftex.def Info: sigmoid.png used on input line 268.
(pdftex.def)             Requested size: 192.72148pt x 128.58136pt.

[11] <svm.png, id=72, 441.65pt x 382.42876pt>
File: svm.png Graphic file (type png)
 <use svm.png>
Package pdftex.def Info: svm.png used on input line 295.
(pdftex.def)             Requested size: 220.82445pt x 191.2139pt.
 [12 <./sigmoid.png> <./svm.png>] <decision_tree.png, id=79, 505.89pt x 288.076
25pt>
File: decision_tree.png Graphic file (type png)

<use decision_tree.png>
Package pdftex.def Info: decision_tree.png used on input line 329.
(pdftex.def)             Requested size: 303.53633pt x 172.84708pt.
 [13 <./decision_tree.png>] [14]
Rozdzia\PlPrIeC {\l } 3.
[15

] <example.png, id=90, 526.96875pt x 212.795pt>
File: example.png Graphic file (type png)
 <use example.png>
Package pdftex.def Info: example.png used on input line 373.
(pdftex.def)             Requested size: 421.57556pt x 170.2362pt.
 [16 <./example.png>]
Underfull \hbox (badness 10000) in paragraph at lines 405--406

 []


Underfull \hbox (badness 10000) in paragraph at lines 407--409

 []

<fourier.png, id=95, 552.0625pt x 420.57124pt>
File: fourier.png Graphic file (type png)
 <use fourier.png>
Package pdftex.def Info: fourier.png used on input line 416.
(pdftex.def)             Requested size: 298.1093pt x 227.10509pt.
 [17 <./fourier.png>] <haar.png, id=101, 1304.875pt x 978.65625pt>
File: haar.png Graphic file (type png)
 <use haar.png>
Package pdftex.def Info: haar.png used on input line 459.
(pdftex.def)             Requested size: 195.72281pt x 146.7921pt.
 [18]
Underfull \hbox (badness 10000) in paragraph at lines 470--472

 []

[19 <./haar.png>] <skewness.png, id=109, 447.6725pt x 159.59625pt>
File: skewness.png Graphic file (type png)

<use skewness.png>
Package pdftex.def Info: skewness.png used on input line 554.
(pdftex.def)             Requested size: 268.60556pt x 95.75847pt.
 <kurthosis.png, id=110, 421.575pt x 273.02pt>
File: kurthosis.png Graphic file (type png)

<use kurthosis.png>
Package pdftex.def Info: kurthosis.png used on input line 565.
(pdftex.def)             Requested size: 210.78697pt x 136.50966pt.
 [20] [21 <./skewness.png> <./kurthosis.png>]
Underfull \hbox (badness 10000) in paragraph at lines 645--646

 []

<pearson.png, id=118, 827.09pt x 347.2975pt>
File: pearson.png Graphic file (type png)
 <use pearson.png>
Package pdftex.def Info: pearson.png used on input line 649.
(pdftex.def)             Requested size: 289.48582pt x 121.55594pt.
 [22]
Overfull \hbox (0.61414pt too wide) in paragraph at lines 691--694
\OT4/cmr/m/n/10.95 au-to-ko-re-la-cji, ko-re-la-cj¦ mi¦-dzy sze-re-ga-mi $\OML/
plm/m/it/10.95 T[] \OT4/cmr/m/n/10.95 = (\OML/plm/m/it/10.95 t[]; x[]\OT4/cmr/m
/n/10.95 )\OML/plm/m/it/10.95 ; [] ; \OT4/cmr/m/n/10.95 (\OML/plm/m/it/10.95 t[
]; x[]\OT4/cmr/m/n/10.95 )$ i $\OML/plm/m/it/10.95 T[] \OT4/cmr/m/n/10.95 = (\O
ML/plm/m/it/10.95 t[]; x[]\OT4/cmr/m/n/10.95 )\OML/plm/m/it/10.95 ; [] ; \OT4/c
mr/m/n/10.95 (\OML/plm/m/it/10.95 t[]; x[]\OT4/cmr/m/n/10.95 )$
 []


Underfull \hbox (badness 10000) in paragraph at lines 691--694

 []

[23 <./pearson.png>]
Underfull \hbox (badness 10000) in paragraph at lines 695--696

 []

[24]
Rozdzia\PlPrIeC {\l } 4.

Underfull \hbox (badness 10000) in paragraph at lines 721--723

 []


Underfull \hbox (badness 10000) in paragraph at lines 730--731

 []

[25

] <drift_example.png, id=132, 578.16pt x 433.62pt>
File: drift_example.png Graphic file (type png)
 <use drift_example.png>
Package pdftex.def Info: drift_example.png used on input line 743.
(pdftex.def)             Requested size: 404.70924pt x 303.53192pt.

[26 <./drift_example.png>] [27] [28]
Underfull \hbox (badness 10000) in paragraph at lines 838--839

 []

<train_test_mutual_info.png, id=143, 966.9726pt x 433.62pt>
File: train_test_mutual_info.png Graphic file (type png)

<use train_test_mutual_info.png>
Package pdftex.def Info: train_test_mutual_info.png used on input line 853.
(pdftex.def)             Requested size: 483.4851pt x 216.80946pt.

Overfull \hbox (42.46738pt too wide) in paragraph at lines 853--856
 [][] 
 []

[29] [30 <./train_test_mutual_info.png>]
Underfull \vbox (badness 10000) has occurred while \output is active []

 [31]
<train_test_anova_f.png, id=155, 578.16pt x 433.62pt>
File: train_test_anova_f.png Graphic file (type png)

<use train_test_anova_f.png>
Package pdftex.def Info: train_test_anova_f.png used on input line 950.
(pdftex.def)             Requested size: 404.70924pt x 303.53192pt.
 [32 <./train_test_anova_f.png>] [33]
<train_test_random_forest.png, id=163, 578.16pt x 433.62pt>
File: train_test_random_forest.png Graphic file (type png)

<use train_test_random_forest.png>
Package pdftex.def Info: train_test_random_forest.png used on input line 1058.
(pdftex.def)             Requested size: 218.30498pt x 163.72528pt.

<train_test_random_forest_zoomed.png, id=164, 578.16pt x 433.62pt>
File: train_test_random_forest_zoomed.png Graphic file (type png)

<use train_test_random_forest_zoomed.png>
Package pdftex.def Info: train_test_random_forest_zoomed.png used on input line
 1062.
(pdftex.def)             Requested size: 218.30498pt x 163.72528pt.
 [34 <./train_test_random_forest.png> <./train_test_random_forest_zoomed.png>] 
[35] [36]
<kmeans.png, id=177, 734.9859pt x 373.6359pt>
File: kmeans.png Graphic file (type png)
 <use kmeans.png>
Package pdftex.def Info: kmeans.png used on input line 1180.
(pdftex.def)             Requested size: 404.24348pt x 205.50037pt.
 [37 <./kmeans.png>]
Underfull \hbox (badness 10000) in paragraph at lines 1191--1193

 []


Underfull \hbox (badness 10000) in paragraph at lines 1194--1195

 []

LaTeX Font Info:    Try loading font information for OT4+cmss on input line 119
7.
(/usr/local/texlive/2016/texmf-dist/tex/latex/polski/ot4cmss.fd
File: ot4cmss.fd 2008/02/24 v1.2.1 Font defs for fonts PL (MW)
)
Overfull \hbox (17.0pt too wide) in paragraph at lines 1197--1197
[][] 
 []


Package Listings Warning: Text dropped after begin of listing on input line 119
7.

[38] <clustering_mutual_info.png, id=187, 578.16pt x 433.62pt>
File: clustering_mutual_info.png Graphic file (type png)

<use clustering_mutual_info.png>
Package pdftex.def Info: clustering_mutual_info.png used on input line 1231.
(pdftex.def)             Requested size: 240.13681pt x 180.10112pt.

<clustering_anova_f.png, id=188, 578.16pt x 433.62pt>
File: clustering_anova_f.png Graphic file (type png)

<use clustering_anova_f.png>
Package pdftex.def Info: clustering_anova_f.png used on input line 1235.
(pdftex.def)             Requested size: 240.13681pt x 180.10112pt.

Overfull \hbox (44.10446pt too wide) in paragraph at lines 1229--1239
 []$[]$$[]$ 
 []

<clustering_gini.png, id=189, 578.16pt x 433.62pt>
File: clustering_gini.png Graphic file (type png)
 <use clustering_gini.png>
Package pdftex.def Info: clustering_gini.png used on input line 1251.
(pdftex.def)             Requested size: 218.30498pt x 163.72528pt.

<clustering_gini_zoomed.png, id=190, 578.16pt x 433.62pt>
File: clustering_gini_zoomed.png Graphic file (type png)

<use clustering_gini_zoomed.png>
Package pdftex.def Info: clustering_gini_zoomed.png used on input line 1255.
(pdftex.def)             Requested size: 218.30498pt x 163.72528pt.
 [39 <./clustering_mutual_info.png> <./clustering_anova_f.png> <./clustering_gi
ni.png> <./clustering_gini_zoomed.png>]
[40]
Rozdzia\PlPrIeC {\l } 5.

Underfull \hbox (badness 10000) in paragraph at lines 1282--1283

 []


Overfull \hbox (17.0pt too wide) in paragraph at lines 1284--1284
[][] 
 []


Package Listings Warning: Text dropped after begin of listing on input line 128
4.

LaTeX Font Info:    Try loading font information for OML+cmr on input line 1290
.
(/usr/local/texlive/2016/texmf-dist/tex/latex/base/omlcmr.fd
File: omlcmr.fd 2014/09/29 v2.5h Standard LaTeX font definitions
)
LaTeX Font Info:    Font shape `OML/cmr/m/n' in size <10.95> not available
(Font)              Font shape `OML/cmm/m/it' tried instead on input line 1290.

 [41

]
Underfull \hbox (badness 10000) in paragraph at lines 1307--1308

 []


Overfull \hbox (44.10446pt too wide) in paragraph at lines 1311--1354
[]$[]$$[]$
 []

[42] [43] [44]
Rozdzia\PlPrIeC {\l } 6.
[45

] [46

] [47] (./pracamgr.aux) )
(\end occurred inside a group at level 1)

### simple group (level 1) entered at line 1061 ({)
### bottom level 
Here is how much of TeX's memory you used:
 8047 strings out of 493014
 128442 string characters out of 6133351
 214859 words of memory out of 5000000
 11417 multiletter control sequences out of 15000+600000
 27558 words of font info for 74 fonts, out of 8000000 for 9000
 1141 hyphenation exceptions out of 8191
 40i,14n,46p,1024b,6958s stack positions out of 5000i,500n,10000p,200000b,80000s
{/usr/local/texlive/2016/texmf-dist/fonts/enc/dvips/pl/plrm.enc
}{/usr/local/texlive/2016/texmf-dist/fonts/enc/dvips/pl/plmi.enc}{/usr/local/te
xlive/2016/texmf-dist/fonts/enc/dvips/pl/plms.enc}{/usr/local/texlive/2016/texm
f-dist/fonts/enc/dvips/pl/plme.enc}{/usr/local/texlive/2016/texmf-dist/fonts/en
c/dvips/pl/plit.enc}</usr/local/texlive/2016/texmf-dist/fonts/type1/public/amsf
onts/cm/cmmi10.pfb></usr/local/texlive/2016/texmf-dist/fonts/type1/public/amsfo
nts/cm/cmsy10.pfb></usr/local/texlive/2016/texmf-dist/fonts/type1/public/amsfon
ts/symbols/msam10.pfb></usr/local/texlive/2016/texmf-dist/fonts/type1/public/am
sfonts/symbols/msam7.pfb></usr/local/texlive/2016/texmf-dist/fonts/type1/public
/amsfonts/symbols/msbm10.pfb></usr/local/texlive/2016/texmf-dist/fonts/type1/pu
blic/pl/plbx10.pfb></usr/local/texlive/2016/texmf-dist/fonts/type1/public/pl/pl
bx12.pfb></usr/local/texlive/2016/texmf-dist/fonts/type1/public/pl/plbx8.pfb></
usr/local/texlive/2016/texmf-dist/fonts/type1/public/pl/plbxti10.pfb></usr/loca
l/texlive/2016/texmf-dist/fonts/type1/public/pl/plex10.pfb></usr/local/texlive/
2016/texmf-dist/fonts/type1/public/pl/plmi10.pfb></usr/local/texlive/2016/texmf
-dist/fonts/type1/public/pl/plmi6.pfb></usr/local/texlive/2016/texmf-dist/fonts
/type1/public/pl/plmi8.pfb></usr/local/texlive/2016/texmf-dist/fonts/type1/publ
ic/pl/plr10.pfb></usr/local/texlive/2016/texmf-dist/fonts/type1/public/pl/plr12
.pfb></usr/local/texlive/2016/texmf-dist/fonts/type1/public/pl/plr17.pfb></usr/
local/texlive/2016/texmf-dist/fonts/type1/public/pl/plr6.pfb></usr/local/texliv
e/2016/texmf-dist/fonts/type1/public/pl/plr8.pfb></usr/local/texlive/2016/texmf
-dist/fonts/type1/public/pl/plr9.pfb></usr/local/texlive/2016/texmf-dist/fonts/
type1/public/pl/plss10.pfb></usr/local/texlive/2016/texmf-dist/fonts/type1/publ
ic/pl/plssbx10.pfb></usr/local/texlive/2016/texmf-dist/fonts/type1/public/pl/pl
sy10.pfb></usr/local/texlive/2016/texmf-dist/fonts/type1/public/pl/plsy8.pfb></
usr/local/texlive/2016/texmf-dist/fonts/type1/public/pl/plti10.pfb>
Output written on pracamgr.pdf (49 pages, 2572726 bytes).
PDF statistics:
 308 PDF objects out of 1000 (max. 8388607)
 189 compressed objects within 2 object streams
 0 named destinations out of 1000 (max. 500000)
 111 words of extra memory for PDF output out of 10000 (max. 10000000)

